C:\USERS\CAILIN\DOCUMENTS\VISUAL STUDIO 2010\PROJECTS\IMAGECLEARNING\DEBUG\IMAGECLEARNING.EXE
C:\USERS\CAILIN\DOCUMENTS\VISUAL STUDIO 2010\PROJECTS\IMAGECLEARNING\DEBUG\IMAGECLEARNING.ILK
C:\USERS\CAILIN\DOCUMENTS\VISUAL STUDIO 2010\PROJECTS\IMAGECLEARNING\DEBUG\IMAGECLEARNING.PDB
C:\Users\Cailin\Documents\Visual Studio 2010\Projects\ImageCLearning\ImageCLearning\Debug\cl.command.1.tlog
C:\Users\Cailin\Documents\Visual Studio 2010\Projects\ImageCLearning\ImageCLearning\Debug\CL.read.1.tlog
C:\Users\Cailin\Documents\Visual Studio 2010\Projects\ImageCLearning\ImageCLearning\Debug\CL.write.1.tlog
C:\USERS\CAILIN\DOCUMENTS\VISUAL STUDIO 2010\PROJECTS\IMAGECLEARNING\IMAGECLEARNING\DEBUG\IMAGECLEARNING.EXE.EMBED.MANIFEST
C:\USERS\CAILIN\DOCUMENTS\VISUAL STUDIO 2010\PROJECTS\IMAGECLEARNING\IMAGECLEARNING\DEBUG\IMAGECLEARNING.EXE.EMBED.MANIFEST.RES
C:\USERS\CAILIN\DOCUMENTS\VISUAL STUDIO 2010\PROJECTS\IMAGECLEARNING\IMAGECLEARNING\DEBUG\IMAGECLEARNING.EXE.INTERMEDIATE.MANIFEST
C:\USERS\CAILIN\DOCUMENTS\VISUAL STUDIO 2010\PROJECTS\IMAGECLEARNING\IMAGECLEARNING\DEBUG\IMAGECLEARNING.OBJ
C:\USERS\CAILIN\DOCUMENTS\VISUAL STUDIO 2010\PROJECTS\IMAGECLEARNING\IMAGECLEARNING\DEBUG\IMAGECLEARNING.PCH
C:\Users\Cailin\Documents\Visual Studio 2010\Projects\ImageCLearning\ImageCLearning\Debug\ImageCLearning.write.1.tlog
C:\Users\Cailin\Documents\Visual Studio 2010\Projects\ImageCLearning\ImageCLearning\Debug\ImageCLearning_manifest.rc
C:\Users\Cailin\Documents\Visual Studio 2010\Projects\ImageCLearning\ImageCLearning\Debug\link.4960.read.1.tlog
C:\Users\Cailin\Documents\Visual Studio 2010\Projects\ImageCLearning\ImageCLearning\Debug\link.4960.write.1.tlog
C:\Users\Cailin\Documents\Visual Studio 2010\Projects\ImageCLearning\ImageCLearning\Debug\link.4960-cvtres.read.1.tlog
C:\Users\Cailin\Documents\Visual Studio 2010\Projects\ImageCLearning\ImageCLearning\Debug\link.4960-cvtres.write.1.tlog
C:\Users\Cailin\Documents\Visual Studio 2010\Projects\ImageCLearning\ImageCLearning\Debug\link.command.1.tlog
C:\Users\Cailin\Documents\Visual Studio 2010\Projects\ImageCLearning\ImageCLearning\Debug\link.read.1.tlog
C:\Users\Cailin\Documents\Visual Studio 2010\Projects\ImageCLearning\ImageCLearning\Debug\link.write.1.tlog
C:\Users\Cailin\Documents\Visual Studio 2010\Projects\ImageCLearning\ImageCLearning\Debug\link-cvtres.read.1.tlog
C:\Users\Cailin\Documents\Visual Studio 2010\Projects\ImageCLearning\ImageCLearning\Debug\link-cvtres.write.1.tlog
C:\Users\Cailin\Documents\Visual Studio 2010\Projects\ImageCLearning\ImageCLearning\Debug\mt.command.1.tlog
C:\Users\Cailin\Documents\Visual Studio 2010\Projects\ImageCLearning\ImageCLearning\Debug\mt.read.1.tlog
C:\Users\Cailin\Documents\Visual Studio 2010\Projects\ImageCLearning\ImageCLearning\Debug\mt.write.1.tlog
C:\Users\Cailin\Documents\Visual Studio 2010\Projects\ImageCLearning\ImageCLearning\Debug\rc.command.1.tlog
C:\Users\Cailin\Documents\Visual Studio 2010\Projects\ImageCLearning\ImageCLearning\Debug\rc.read.1.tlog
C:\Users\Cailin\Documents\Visual Studio 2010\Projects\ImageCLearning\ImageCLearning\Debug\rc.write.1.tlog
C:\USERS\CAILIN\DOCUMENTS\VISUAL STUDIO 2010\PROJECTS\IMAGECLEARNING\IMAGECLEARNING\DEBUG\STDAFX.OBJ
C:\Users\Cailin\Documents\Visual Studio 2010\Projects\ImageCLearning\ImageCLearning\Debug\vc100.idb
C:\USERS\CAILIN\DOCUMENTS\VISUAL STUDIO 2010\PROJECTS\IMAGECLEARNING\IMAGECLEARNING\DEBUG\VC100.PDB
